<?xml version="1.0" encoding="UTF-8"?>
<testsuite name="com.example.portfoiloapi.PortfoiloApiApplicationTests" tests="1" skipped="0" failures="0" errors="0" timestamp="2023-11-19T17:58:31" hostname="gim-yuseon-ui-MacBookPro-2.local" time="0.149">
  <properties/>
  <testcase name="contextLoads()" classname="com.example.portfoiloapi.PortfoiloApiApplicationTests" time="0.149"/>
  <system-out><![CDATA[02:58:22.705 [Test worker] DEBUG org.springframework.test.context.BootstrapUtils - Instantiating CacheAwareContextLoaderDelegate from class [org.springframework.test.context.cache.DefaultCacheAwareContextLoaderDelegate]
02:58:22.718 [Test worker] DEBUG org.springframework.test.context.BootstrapUtils - Instantiating BootstrapContext using constructor [public org.springframework.test.context.support.DefaultBootstrapContext(java.lang.Class,org.springframework.test.context.CacheAwareContextLoaderDelegate)]
02:58:22.754 [Test worker] DEBUG org.springframework.test.context.BootstrapUtils - Instantiating TestContextBootstrapper for test class [com.example.portfoiloapi.PortfoiloApiApplicationTests] from class [org.springframework.boot.test.context.SpringBootTestContextBootstrapper]
02:58:22.764 [Test worker] INFO org.springframework.boot.test.context.SpringBootTestContextBootstrapper - Neither @ContextConfiguration nor @ContextHierarchy found for test class [com.example.portfoiloapi.PortfoiloApiApplicationTests], using SpringBootContextLoader
02:58:22.767 [Test worker] DEBUG org.springframework.test.context.support.AbstractContextLoader - Did not detect default resource location for test class [com.example.portfoiloapi.PortfoiloApiApplicationTests]: class path resource [com/example/portfoiloapi/PortfoiloApiApplicationTests-context.xml] does not exist
02:58:22.768 [Test worker] DEBUG org.springframework.test.context.support.AbstractContextLoader - Did not detect default resource location for test class [com.example.portfoiloapi.PortfoiloApiApplicationTests]: class path resource [com/example/portfoiloapi/PortfoiloApiApplicationTestsContext.groovy] does not exist
02:58:22.768 [Test worker] INFO org.springframework.test.context.support.AbstractContextLoader - Could not detect default resource locations for test class [com.example.portfoiloapi.PortfoiloApiApplicationTests]: no resource found for suffixes {-context.xml, Context.groovy}.
02:58:22.769 [Test worker] INFO org.springframework.test.context.support.AnnotationConfigContextLoaderUtils - Could not detect default configuration classes for test class [com.example.portfoiloapi.PortfoiloApiApplicationTests]: PortfoiloApiApplicationTests does not declare any static, non-private, non-final, nested classes annotated with @Configuration.
02:58:22.810 [Test worker] DEBUG org.springframework.test.context.support.ActiveProfilesUtils - Could not find an 'annotation declaring class' for annotation type [org.springframework.test.context.ActiveProfiles] and class [com.example.portfoiloapi.PortfoiloApiApplicationTests]
02:58:22.883 [Test worker] DEBUG org.springframework.context.annotation.ClassPathScanningCandidateComponentProvider - Identified candidate component class: file [/Users/yuling/Desktop/ICANDO/portfoilo_BE/build/classes/java/main/com/example/portfoiloapi/PortfoiloApiApplication.class]
02:58:22.888 [Test worker] INFO org.springframework.boot.test.context.SpringBootTestContextBootstrapper - Found @SpringBootConfiguration com.example.portfoiloapi.PortfoiloApiApplication for test class com.example.portfoiloapi.PortfoiloApiApplicationTests
02:58:22.976 [Test worker] DEBUG org.springframework.boot.test.context.SpringBootTestContextBootstrapper - @TestExecutionListeners is not present for class [com.example.portfoiloapi.PortfoiloApiApplicationTests]: using defaults.
02:58:22.976 [Test worker] INFO org.springframework.boot.test.context.SpringBootTestContextBootstrapper - Loaded default TestExecutionListener class names from location [META-INF/spring.factories]: [org.springframework.boot.test.autoconfigure.restdocs.RestDocsTestExecutionListener, org.springframework.boot.test.autoconfigure.web.client.MockRestServiceServerResetTestExecutionListener, org.springframework.boot.test.autoconfigure.web.servlet.MockMvcPrintOnlyOnFailureTestExecutionListener, org.springframework.boot.test.autoconfigure.web.servlet.WebDriverTestExecutionListener, org.springframework.boot.test.autoconfigure.webservices.client.MockWebServiceServerTestExecutionListener, org.springframework.boot.test.mock.mockito.MockitoTestExecutionListener, org.springframework.boot.test.mock.mockito.ResetMocksTestExecutionListener, org.springframework.test.context.web.ServletTestExecutionListener, org.springframework.test.context.support.DirtiesContextBeforeModesTestExecutionListener, org.springframework.test.context.event.ApplicationEventsTestExecutionListener, org.springframework.test.context.support.DependencyInjectionTestExecutionListener, org.springframework.test.context.support.DirtiesContextTestExecutionListener, org.springframework.test.context.transaction.TransactionalTestExecutionListener, org.springframework.test.context.jdbc.SqlScriptsTestExecutionListener, org.springframework.test.context.event.EventPublishingTestExecutionListener]
02:58:22.994 [Test worker] INFO org.springframework.boot.test.context.SpringBootTestContextBootstrapper - Using TestExecutionListeners: [org.springframework.test.context.web.ServletTestExecutionListener@3a62c01e, org.springframework.test.context.support.DirtiesContextBeforeModesTestExecutionListener@7a8fa663, org.springframework.test.context.event.ApplicationEventsTestExecutionListener@5ce33a58, org.springframework.boot.test.mock.mockito.MockitoTestExecutionListener@78a287ed, org.springframework.boot.test.autoconfigure.SpringBootDependencyInjectionTestExecutionListener@546ccad7, org.springframework.test.context.support.DirtiesContextTestExecutionListener@5357c287, org.springframework.test.context.transaction.TransactionalTestExecutionListener@1623134f, org.springframework.test.context.jdbc.SqlScriptsTestExecutionListener@7a527389, org.springframework.test.context.event.EventPublishingTestExecutionListener@485a3466, org.springframework.boot.test.autoconfigure.restdocs.RestDocsTestExecutionListener@25748410, org.springframework.boot.test.autoconfigure.web.client.MockRestServiceServerResetTestExecutionListener@2b43529a, org.springframework.boot.test.autoconfigure.web.servlet.MockMvcPrintOnlyOnFailureTestExecutionListener@4264b240, org.springframework.boot.test.autoconfigure.web.servlet.WebDriverTestExecutionListener@5b04476e, org.springframework.boot.test.autoconfigure.webservices.client.MockWebServiceServerTestExecutionListener@5ad10c1a, org.springframework.boot.test.mock.mockito.ResetMocksTestExecutionListener@6bb75258]
02:58:22.997 [Test worker] DEBUG org.springframework.test.context.support.AbstractDirtiesContextTestExecutionListener - Before test class: context [DefaultTestContext@6cbcf243 testClass = PortfoiloApiApplicationTests, testInstance = [null], testMethod = [null], testException = [null], mergedContextConfiguration = [WebMergedContextConfiguration@29e6eb25 testClass = PortfoiloApiApplicationTests, locations = '{}', classes = '{class com.example.portfoiloapi.PortfoiloApiApplication}', contextInitializerClasses = '[]', activeProfiles = '{}', propertySourceLocations = '{}', propertySourceProperties = '{org.springframework.boot.test.context.SpringBootTestContextBootstrapper=true}', contextCustomizers = set[org.springframework.boot.test.autoconfigure.actuate.metrics.MetricsExportContextCustomizerFactory$DisableMetricExportContextCustomizer@413f69cc, org.springframework.boot.test.autoconfigure.properties.PropertyMappingContextCustomizer@0, org.springframework.boot.test.autoconfigure.web.servlet.WebDriverContextCustomizerFactory$Customizer@172b013, org.springframework.boot.test.context.filter.ExcludeFilterContextCustomizer@70f02c32, org.springframework.boot.test.json.DuplicateJsonObjectContextCustomizerFactory$DuplicateJsonObjectContextCustomizer@5b6ec132, org.springframework.boot.test.mock.mockito.MockitoContextCustomizer@0, org.springframework.boot.test.web.client.TestRestTemplateContextCustomizer@78641d23, org.springframework.boot.test.context.SpringBootTestArgs@1, org.springframework.boot.test.context.SpringBootTestWebEnvironment@3c0be339], resourceBasePath = 'src/main/webapp', contextLoader = 'org.springframework.boot.test.context.SpringBootContextLoader', parent = [null]], attributes = map['org.springframework.test.context.web.ServletTestExecutionListener.activateListener' -> true]], class annotated with @DirtiesContext [false] with mode [null].

  .   ____          _            __ _ _
 /\\ / ___'_ __ _ _(_)_ __  __ _ \ \ \ \
( ( )\___ | '_ | '_| | '_ \/ _` | \ \ \ \
 \\/  ___)| |_)| | | | | || (_| |  ) ) ) )
  '  |____| .__|_| |_|_| |_\__, | / / / /
 =========|_|==============|___/=/_/_/_/
 :: Spring Boot ::               (v2.7.15)

2023-11-20 02:58:23.397  INFO 67776 --- [    Test worker] c.e.p.PortfoiloApiApplicationTests       : Starting PortfoiloApiApplicationTests using Java 17.0.1 on gim-yuseon-ui-MacBookPro-2.local with PID 67776 (started by yuling in /Users/yuling/Desktop/ICANDO/portfoilo_BE)
2023-11-20 02:58:23.399  INFO 67776 --- [    Test worker] c.e.p.PortfoiloApiApplicationTests       : No active profile set, falling back to 1 default profile: "default"
2023-11-20 02:58:24.133  INFO 67776 --- [    Test worker] .s.d.r.c.RepositoryConfigurationDelegate : Bootstrapping Spring Data JPA repositories in DEFAULT mode.
2023-11-20 02:58:24.243  INFO 67776 --- [    Test worker] .s.d.r.c.RepositoryConfigurationDelegate : Finished Spring Data repository scanning in 95 ms. Found 1 JPA repository interfaces.
2023-11-20 02:58:25.046  INFO 67776 --- [    Test worker] o.hibernate.jpa.internal.util.LogHelper  : HHH000204: Processing PersistenceUnitInfo [name: default]
2023-11-20 02:58:25.082  INFO 67776 --- [    Test worker] org.hibernate.Version                    : HHH000412: Hibernate ORM core version 5.6.15.Final
2023-11-20 02:58:25.222  INFO 67776 --- [    Test worker] o.hibernate.annotations.common.Version   : HCANN000001: Hibernate Commons Annotations {5.1.2.Final}
2023-11-20 02:58:25.311  INFO 67776 --- [    Test worker] com.zaxxer.hikari.HikariDataSource       : HikariPool-1 - Starting...
2023-11-20 02:58:28.951  INFO 67776 --- [    Test worker] com.zaxxer.hikari.HikariDataSource       : HikariPool-1 - Start completed.
2023-11-20 02:58:28.975  INFO 67776 --- [    Test worker] org.hibernate.dialect.Dialect            : HHH000400: Using dialect: org.hibernate.dialect.MySQL5Dialect
Hibernate: drop table if exists posts
Hibernate: create table posts (id bigint not null auto_increment, message varchar(255) not null, nickname varchar(255) not null, primary key (id)) engine=MyISAM
2023-11-20 02:58:30.754  INFO 67776 --- [    Test worker] o.h.e.t.j.p.i.JtaPlatformInitiator       : HHH000490: Using JtaPlatform implementation: [org.hibernate.engine.transaction.jta.platform.internal.NoJtaPlatform]
2023-11-20 02:58:30.763  INFO 67776 --- [    Test worker] j.LocalContainerEntityManagerFactoryBean : Initialized JPA EntityManagerFactory for persistence unit 'default'
2023-11-20 02:58:31.213  WARN 67776 --- [    Test worker] JpaBaseConfiguration$JpaWebConfiguration : spring.jpa.open-in-view is enabled by default. Therefore, database queries may be performed during view rendering. Explicitly configure spring.jpa.open-in-view to disable this warning
2023-11-20 02:58:31.815  INFO 67776 --- [    Test worker] c.e.p.PortfoiloApiApplicationTests       : Started PortfoiloApiApplicationTests in 8.783 seconds (JVM running for 10.133)
]]></system-out>
  <system-err><![CDATA[]]></system-err>
</testsuite>
